<?xml version="1.0" encoding="UTF-8"?>
<testsuite xmlns:xsi="http://www.w3.org/2001/XMLSchema-instance" xsi:noNamespaceSchemaLocation="https://maven.apache.org/surefire/maven-surefire-plugin/xsd/surefire-test-report-3.0.xsd" version="3.0" name="org.angrybee.website.publish.utils.FileUtilsTest" time="0.028" tests="2" errors="0" skipped="0" failures="0">
  <properties>
[...]
</properties>
  <testcase name="testConvert" classname="org.angrybee.website.publish.utils.FileUtilsTest" time="0.01">
    <system-err><![CDATA[Jan 25, 2023 2:59:47 PM org.angrybee.website.publish.utils.FileUtilsTest testConvert
INFO: /tmp/test.txt
Jan 25, 2023 2:59:47 PM org.angrybee.website.publish.utils.FileUtilsTest testConvert
INFO: /tmp/test-copy.txt
]]></system-err>
  </testcase>
  <testcase name="testDelDir" classname="org.angrybee.website.publish.utils.FileUtilsTest" time="0.006">
    <system-err><![CDATA[Jan 25, 2023 2:59:47 PM org.angrybee.website.publish.utils.FileUtilsTest testDelDir
INFO: /tmp/fileutils/fileutils
Jan 25, 2023 2:59:47 PM org.angrybee.website.publish.utils.FileUtilsTest testDelDir
INFO: /tmp/fileutils/test.txt
Jan 25, 2023 2:59:47 PM org.angrybee.website.publish.utils.FileUtilsTest testDelDir
INFO: /tmp/fileutils/fileutils/test.txt
]]></system-err>
  </testcase>
</testsuite>